#
# A fatal error has been detected by the Java Runtime Environment:
#
#  EXCEPTION_ACCESS_VIOLATION (0xc0000005) at pc=0x0000000058a860c9, pid=4696, tid=0x00000000000016c8
#
# JRE version: Java(TM) SE Runtime Environment (8.0_181-b13) (build 1.8.0_181-b13)
# Java VM: Java HotSpot(TM) 64-Bit Server VM (25.181-b13 mixed mode windows-amd64 compressed oops)
# Problematic frame:
# V  [jvm.dll+0x1460c9]
#
# Failed to write core dump. Minidumps are not enabled by default on client versions of Windows
#
# If you would like to submit a bug report, please visit:
#   http://bugreport.java.com/bugreport/crash.jsp
#

---------------  T H R E A D  ---------------

Current thread (0x0000000019603000):  JavaThread "AWT-EventQueue-0" [_thread_in_vm, id=5832, stack(0x0000000019fb0000,0x000000001a0b0000)]

siginfo: ExceptionCode=0xc0000005, reading address 0x0000000000000000

Registers:
RAX=0x0000000000000000, RBX=0x0000000019603000, RCX=0x0000000000000300, RDX=0x0000000000000000
RSP=0x000000001a0a94a0, RBP=0x000000001a0a95b8, RSI=0x00000000196031f8, RDI=0x0000000000000000
R8 =0x0000000000000001, R9 =0x0000000000000000, R10=0x0000000002728c3b, R11=0x0000000058b6c6a0
R12=0x0000000000000000, R13=0x0000000000000001, R14=0x000000001a0a95f8, R15=0x0000000000000000
RIP=0x0000000058a860c9, EFLAGS=0x0000000000010202

Top of Stack: (sp=0x000000001a0a94a0)
0x000000001a0a94a0:   0000000019776220 00000000589fc3a6
0x000000001a0a94b0:   000000001a0aa2e8 0000000018942310
0x000000001a0a94c0:   00000000027180e0 00007ffe6a8d17b1
0x000000001a0a94d0:   000000001bb36f60 0000000019603000
0x000000001a0a94e0:   000000001bb36f60 0000000019603000
0x000000001a0a94f0:   00000000027180e0 0000000002728ad7
0x000000001a0a9500:   0000000019603000 000000001a0a95f8
0x000000001a0a9510:   000000001bb36f60 0000000000000000
0x000000001a0a9520:   00000000027180e0 0000000002728c67
0x000000001a0a9530:   000000001bb36f60 000000001a0a95b8
0x000000001a0a9540:   0000000000200020 00000000027289ab
0x000000001a0a9550:   0000000000000001 000000001a0a95d8
0x000000001a0a9560:   0000000000200020 0000000019603000
0x000000001a0a9570:   0000000002728962 000000001a0a9578
0x000000001a0a9580:   000000001bb36f60 000000001a0a95f8
0x000000001a0a9590:   000000001bb38c50 0000000000000000 

Instructions: (pc=0x0000000058a860c9)
0x0000000058a860a9:   a9 00 00 00 30 74 08 48 8b cb e8 e8 d6 0f 00 c7
0x0000000058a860b9:   83 70 02 00 00 06 00 00 00 80 3d a8 d8 6c 00 00
0x0000000058a860c9:   48 8b 0f b8 10 00 00 00 ba 0c 00 00 00 0f 45 c2
0x0000000058a860d9:   48 98 8b 3c 08 c7 83 70 02 00 00 07 00 00 00 83 


Register to memory mapping:

RAX=0x0000000000000000 is an unknown value
RBX=0x0000000019603000 is a thread
RCX=0x0000000000000300 is an unknown value
RDX=0x0000000000000000 is an unknown value
RSP=0x000000001a0a94a0 is pointing into the stack for thread: 0x0000000019603000
RBP=0x000000001a0a95b8 is pointing into the stack for thread: 0x0000000019603000
RSI=0x00000000196031f8 is an unknown value
RDI=0x0000000000000000 is an unknown value
R8 =0x0000000000000001 is an unknown value
R9 =0x0000000000000000 is an unknown value
R10=0x0000000002728c3b is at code_begin+891 in an Interpreter codelet
method entry point (kind = native)  [0x00000000027288c0, 0x0000000002729280]  2496 bytes
R11=0x0000000058b6c6a0 is an unknown value
R12=0x0000000000000000 is an unknown value
R13=0x0000000000000001 is an unknown value
R14=0x000000001a0a95f8 is pointing into the stack for thread: 0x0000000019603000
R15=0x0000000000000000 is an unknown value


Stack: [0x0000000019fb0000,0x000000001a0b0000],  sp=0x000000001a0a94a0,  free space=997k
Native frames: (J=compiled Java code, j=interpreted, Vv=VM code, C=native code)
V  [jvm.dll+0x1460c9]
C  [dpuareu_jni.dll+0x17b1]
C  0x0000000002728c67

Java frames: (J=compiled Java code, j=interpreted, Vv=VM code)
j  com.digitalpersona.uareu.jni.Dpfj.DpfjImportFmd(I[BILcom/digitalpersona/uareu/dpfj/FmdImpl;)I+0
j  com.digitalpersona.uareu.jni.Dpfj.import_fmd([BLcom/digitalpersona/uareu/Fmd$Format;Lcom/digitalpersona/uareu/Fmd$Format;)Lcom/digitalpersona/uareu/Fmd;+138
j  com.digitalpersona.uareu.dpfj.ImporterImpl.ImportFmd([BLcom/digitalpersona/uareu/Fmd$Format;Lcom/digitalpersona/uareu/Fmd$Format;)Lcom/digitalpersona/uareu/Fmd;+7
j  Verification.actionPerformed(Ljava/awt/event/ActionEvent;)V+55
j  javax.swing.AbstractButton.fireActionPerformed(Ljava/awt/event/ActionEvent;)V+83
j  javax.swing.AbstractButton$Handler.actionPerformed(Ljava/awt/event/ActionEvent;)V+5
j  javax.swing.DefaultButtonModel.fireActionPerformed(Ljava/awt/event/ActionEvent;)V+34
j  javax.swing.DefaultButtonModel.setPressed(Z)V+117
j  javax.swing.plaf.basic.BasicButtonListener.mouseReleased(Ljava/awt/event/MouseEvent;)V+35
j  java.awt.Component.processMouseEvent(Ljava/awt/event/MouseEvent;)V+64
j  javax.swing.JComponent.processMouseEvent(Ljava/awt/event/MouseEvent;)V+23
j  java.awt.Component.processEvent(Ljava/awt/AWTEvent;)V+81
j  java.awt.Container.processEvent(Ljava/awt/AWTEvent;)V+18
j  java.awt.Component.dispatchEventImpl(Ljava/awt/AWTEvent;)V+589
J 1428 C1 java.awt.Container.dispatchEventImpl(Ljava/awt/AWTEvent;)V (129 bytes) @ 0x0000000002824184 [0x0000000002824040+0x144]
J 1499 C1 java.awt.Component.dispatchEvent(Ljava/awt/AWTEvent;)V (6 bytes) @ 0x0000000002be0244 [0x0000000002be0140+0x104]
j  java.awt.LightweightDispatcher.retargetMouseEvent(Ljava/awt/Component;ILjava/awt/event/MouseEvent;)V+349
j  java.awt.LightweightDispatcher.processMouseEvent(Ljava/awt/event/MouseEvent;)Z+155
j  java.awt.LightweightDispatcher.dispatchEvent(Ljava/awt/AWTEvent;)Z+50
J 1428 C1 java.awt.Container.dispatchEventImpl(Ljava/awt/AWTEvent;)V (129 bytes) @ 0x0000000002824124 [0x0000000002824040+0xe4]
j  java.awt.Window.dispatchEventImpl(Ljava/awt/AWTEvent;)V+19
J 1427 C1 java.awt.EventQueue.dispatchEventImpl(Ljava/awt/AWTEvent;Ljava/lang/Object;)V (149 bytes) @ 0x0000000002b8973c [0x0000000002b87f00+0x183c]
J 1425 C1 java.awt.EventQueue$3.run()Ljava/lang/Void; (60 bytes) @ 0x0000000002b876cc [0x0000000002b874c0+0x20c]
J 1424 C1 java.awt.EventQueue$3.run()Ljava/lang/Object; (5 bytes) @ 0x00000000028a9e4c [0x00000000028a9dc0+0x8c]
v  ~StubRoutines::call_stub
J 1287  java.security.AccessController.doPrivileged(Ljava/security/PrivilegedAction;Ljava/security/AccessControlContext;)Ljava/lang/Object; (0 bytes) @ 0x0000000002b321a6 [0x0000000002b32140+0x66]
J 1436 C1 java.awt.EventQueue$4.run()Ljava/lang/Object; (5 bytes) @ 0x0000000002b8ff6c [0x0000000002b8fb40+0x42c]
v  ~StubRoutines::call_stub
J 1287  java.security.AccessController.doPrivileged(Ljava/security/PrivilegedAction;Ljava/security/AccessControlContext;)Ljava/lang/Object; (0 bytes) @ 0x0000000002b321a6 [0x0000000002b32140+0x66]
J 1372 C1 java.awt.EventQueue.dispatchEvent(Ljava/awt/AWTEvent;)V (80 bytes) @ 0x0000000002b6c0fc [0x0000000002b6b280+0xe7c]
J 1430 C1 java.awt.EventDispatchThread.pumpOneEventForFilters(I)V (190 bytes) @ 0x0000000002b8bbcc [0x0000000002b8aa80+0x114c]
j  java.awt.EventDispatchThread.pumpEventsForFilter(ILjava/awt/Conditional;Ljava/awt/EventFilter;)V+35
j  java.awt.EventDispatchThread.pumpEventsForFilter(Ljava/awt/Conditional;Ljava/awt/EventFilter;)V+4
j  java.awt.WaitDispatchSupport$2.run()V+59
j  java.awt.WaitDispatchSupport$4.run()Ljava/lang/Void;+4
j  java.awt.WaitDispatchSupport$4.run()Ljava/lang/Object;+1
v  ~StubRoutines::call_stub
J 417  java.security.AccessController.doPrivileged(Ljava/security/PrivilegedAction;)Ljava/lang/Object; (0 bytes) @ 0x00000000029112d2 [0x0000000002911280+0x52]
j  java.awt.WaitDispatchSupport.enter()Z+325
j  java.awt.Dialog.show()V+233
j  java.awt.Component.show(Z)V+5
j  java.awt.Component.setVisible(Z)V+2
j  java.awt.Window.setVisible(Z)V+2
j  java.awt.Dialog.setVisible(Z)V+2
j  Verification.doModal(Ljavax/swing/JDialog;)V+83
j  Verification.Run(Lcom/digitalpersona/uareu/Reader;Lcom/digitalpersona/uareu/Fmd;)V+31
j  UareUSampleJava.actionPerformed(Ljava/awt/event/ActionEvent;)V+103
j  javax.swing.AbstractButton.fireActionPerformed(Ljava/awt/event/ActionEvent;)V+83
j  javax.swing.AbstractButton$Handler.actionPerformed(Ljava/awt/event/ActionEvent;)V+5
j  javax.swing.DefaultButtonModel.fireActionPerformed(Ljava/awt/event/ActionEvent;)V+34
j  javax.swing.DefaultButtonModel.setPressed(Z)V+117
j  javax.swing.plaf.basic.BasicButtonListener.mouseReleased(Ljava/awt/event/MouseEvent;)V+35
j  java.awt.Component.processMouseEvent(Ljava/awt/event/MouseEvent;)V+64
j  javax.swing.JComponent.processMouseEvent(Ljava/awt/event/MouseEvent;)V+23
j  java.awt.Component.processEvent(Ljava/awt/AWTEvent;)V+81
j  java.awt.Container.processEvent(Ljava/awt/AWTEvent;)V+18
j  java.awt.Component.dispatchEventImpl(Ljava/awt/AWTEvent;)V+589
J 1428 C1 java.awt.Container.dispatchEventImpl(Ljava/awt/AWTEvent;)V (129 bytes) @ 0x0000000002824184 [0x0000000002824040+0x144]
j  java.awt.Component.dispatchEvent(Ljava/awt/AWTEvent;)V+2
j  java.awt.LightweightDispatcher.retargetMouseEvent(Ljava/awt/Component;ILjava/awt/event/MouseEvent;)V+349
j  java.awt.LightweightDispatcher.processMouseEvent(Ljava/awt/event/MouseEvent;)Z+155
j  java.awt.LightweightDispatcher.dispatchEvent(Ljava/awt/AWTEvent;)Z+50
J 1428 C1 java.awt.Container.dispatchEventImpl(Ljava/awt/AWTEvent;)V (129 bytes) @ 0x0000000002824124 [0x0000000002824040+0xe4]
j  java.awt.Window.dispatchEventImpl(Ljava/awt/AWTEvent;)V+19
J 1427 C1 java.awt.EventQueue.dispatchEventImpl(Ljava/awt/AWTEvent;Ljava/lang/Object;)V (149 bytes) @ 0x0000000002b8973c [0x0000000002b87f00+0x183c]
J 1425 C1 java.awt.EventQueue$3.run()Ljava/lang/Void; (60 bytes) @ 0x0000000002b876cc [0x0000000002b874c0+0x20c]
J 1424 C1 java.awt.EventQueue$3.run()Ljava/lang/Object; (5 bytes) @ 0x00000000028a9e4c [0x00000000028a9dc0+0x8c]
v  ~StubRoutines::call_stub
J 1287  java.security.AccessController.doPrivileged(Ljava/security/PrivilegedAction;Ljava/security/AccessControlContext;)Ljava/lang/Object; (0 bytes) @ 0x0000000002b321a6 [0x0000000002b32140+0x66]
J 1436 C1 java.awt.EventQueue$4.run()Ljava/lang/Object; (5 bytes) @ 0x0000000002b8ff6c [0x0000000002b8fb40+0x42c]
v  ~StubRoutines::call_stub
J 1287  java.security.AccessController.doPrivileged(Ljava/security/PrivilegedAction;Ljava/security/AccessControlContext;)Ljava/lang/Object; (0 bytes) @ 0x0000000002b321a6 [0x0000000002b32140+0x66]
J 1372 C1 java.awt.EventQueue.dispatchEvent(Ljava/awt/AWTEvent;)V (80 bytes) @ 0x0000000002b6c0fc [0x0000000002b6b280+0xe7c]
J 1430 C1 java.awt.EventDispatchThread.pumpOneEventForFilters(I)V (190 bytes) @ 0x0000000002b8bbcc [0x0000000002b8aa80+0x114c]
j  java.awt.EventDispatchThread.pumpEventsForFilter(ILjava/awt/Conditional;Ljava/awt/EventFilter;)V+35
j  java.awt.EventDispatchThread.pumpEventsForHierarchy(ILjava/awt/Conditional;Ljava/awt/Component;)V+11
j  java.awt.EventDispatchThread.pumpEvents(ILjava/awt/Conditional;)V+4
j  java.awt.EventDispatchThread.pumpEvents(Ljava/awt/Conditional;)V+3
j  java.awt.EventDispatchThread.run()V+9
v  ~StubRoutines::call_stub

---------------  P R O C E S S  ---------------

Java Threads: ( => current thread )
  0x0000000019607000 JavaThread "Swing-Shell" daemon [_thread_blocked, id=8896, stack(0x000000001a3f0000,0x000000001a4f0000)]
  0x0000000019604000 JavaThread "DestroyJavaVM" [_thread_blocked, id=9268, stack(0x0000000002310000,0x0000000002410000)]
  0x0000000019608800 JavaThread "TimerQueue" daemon [_thread_blocked, id=5368, stack(0x000000001b700000,0x000000001b800000)]
=>0x0000000019603000 JavaThread "AWT-EventQueue-0" [_thread_in_vm, id=5832, stack(0x0000000019fb0000,0x000000001a0b0000)]
  0x000000001960a000 JavaThread "AWT-Shutdown" [_thread_blocked, id=964, stack(0x0000000019c80000,0x0000000019d80000)]
  0x0000000019595800 JavaThread "MySQL Statement Cancellation Timer" daemon [_thread_blocked, id=716, stack(0x000000001ad90000,0x000000001ae90000)]
  0x000000001942e800 JavaThread "AWT-Windows" daemon [_thread_in_native, id=5908, stack(0x0000000019d80000,0x0000000019e80000)]
  0x000000001942b000 JavaThread "Java2D Disposer" daemon [_thread_blocked, id=5128, stack(0x0000000019b80000,0x0000000019c80000)]
  0x000000001898f800 JavaThread "Service Thread" daemon [_thread_blocked, id=9220, stack(0x00000000190a0000,0x00000000191a0000)]
  0x000000001898e800 JavaThread "C1 CompilerThread2" daemon [_thread_blocked, id=9208, stack(0x0000000018fa0000,0x00000000190a0000)]
  0x0000000018927800 JavaThread "C2 CompilerThread1" daemon [_thread_blocked, id=6912, stack(0x0000000018ea0000,0x0000000018fa0000)]
  0x00000000188b8000 JavaThread "C2 CompilerThread0" daemon [_thread_blocked, id=1656, stack(0x0000000018da0000,0x0000000018ea0000)]
  0x000000001891c800 JavaThread "Monitor Ctrl-Break" daemon [_thread_in_native, id=4320, stack(0x0000000018ca0000,0x0000000018da0000)]
  0x0000000017279000 JavaThread "Attach Listener" daemon [_thread_blocked, id=7544, stack(0x00000000187a0000,0x00000000188a0000)]
  0x0000000017277800 JavaThread "Signal Dispatcher" daemon [_thread_blocked, id=5884, stack(0x00000000186a0000,0x00000000187a0000)]
  0x000000000270c000 JavaThread "Finalizer" daemon [_thread_blocked, id=9948, stack(0x00000000184c0000,0x00000000185c0000)]
  0x0000000002703000 JavaThread "Reference Handler" daemon [_thread_blocked, id=5220, stack(0x00000000183c0000,0x00000000184c0000)]

Other Threads:
  0x0000000017237800 VMThread [stack: 0x00000000182c0000,0x00000000183c0000] [id=6364]
  0x0000000018993000 WatcherThread [stack: 0x00000000191a0000,0x00000000192a0000] [id=4336]

VM state:not at safepoint (normal execution)

VM Mutex/Monitor currently owned by a thread: None

Heap:
 PSYoungGen      total 38400K, used 20546K [0x00000000d5d00000, 0x00000000d8780000, 0x0000000100000000)
  eden space 33280K, 48% used [0x00000000d5d00000,0x00000000d6cd9748,0x00000000d7d80000)
  from space 5120K, 84% used [0x00000000d7d80000,0x00000000d81b70f0,0x00000000d8280000)
  to   space 5120K, 0% used [0x00000000d8280000,0x00000000d8280000,0x00000000d8780000)
 ParOldGen       total 87552K, used 15608K [0x0000000081600000, 0x0000000086b80000, 0x00000000d5d00000)
  object space 87552K, 17% used [0x0000000081600000,0x000000008253e230,0x0000000086b80000)
 Metaspace       used 18918K, capacity 19188K, committed 19584K, reserved 1067008K
  class space    used 2311K, capacity 2395K, committed 2432K, reserved 1048576K

Card table byte_map: [0x0000000011ad0000,0x0000000011ed0000] byte_map_base: 0x00000000116c5000

Marking Bits: (ParMarkBitMap*) 0x0000000059162d00
 Begin Bits: [0x0000000012580000, 0x0000000014528000)
 End Bits:   [0x0000000014528000, 0x00000000164d0000)

Polling page: 0x0000000000bb0000

CodeCache: size=245760Kb used=5547Kb max_used=5633Kb free=240212Kb
 bounds [0x0000000002710000, 0x0000000002ca0000, 0x0000000011710000]
 total_blobs=2328 nmethods=1733 adapters=506
 compilation: enabled

Compilation events (10 events):
Event: 56.566 Thread 0x000000001898e800 nmethod 1816 0x00000000028f7610 code [0x00000000028f7760, 0x00000000028f7870]
Event: 56.566 Thread 0x000000001898e800 1817       3       java.util.AbstractList::listIterator (6 bytes)
Event: 56.567 Thread 0x000000001898e800 nmethod 1817 0x00000000029aeed0 code [0x00000000029af040, 0x00000000029af268]
Event: 56.567 Thread 0x000000001898e800 1818   !   3       java.awt.Container::isParentOf (49 bytes)
Event: 56.567 Thread 0x000000001898e800 nmethod 1818 0x000000000281fdd0 code [0x000000000281ff60, 0x0000000002820668]
Event: 56.570 Thread 0x000000001898e800 1819   !   3       java.util.zip.Inflater::ended (32 bytes)
Event: 56.570 Thread 0x000000001898e800 nmethod 1819 0x00000000029e93d0 code [0x00000000029e9540, 0x00000000029e9910]
Event: 56.571 Thread 0x000000001898e800 1820       1       java.util.jar.Manifest::getMainAttributes (5 bytes)
Event: 56.571 Thread 0x000000001898e800 nmethod 1820 0x0000000002a04250 code [0x0000000002a043a0, 0x0000000002a044b0]
Event: 56.571 Thread 0x0000000018927800 1821   !   4       sun.misc.URLClassPath$JarLoader::getResource (85 bytes)

GC Heap History (2 events):
Event: 5.039 GC heap before
{Heap before GC invocations=1 (full 0):
 PSYoungGen      total 38400K, used 29905K [0x00000000d5d00000, 0x00000000d8780000, 0x0000000100000000)
  eden space 33280K, 89% used [0x00000000d5d00000,0x00000000d7a345b8,0x00000000d7d80000)
  from space 5120K, 0% used [0x00000000d8280000,0x00000000d8280000,0x00000000d8780000)
  to   space 5120K, 0% used [0x00000000d7d80000,0x00000000d7d80000,0x00000000d8280000)
 ParOldGen       total 87552K, used 0K [0x0000000081600000, 0x0000000086b80000, 0x00000000d5d00000)
  object space 87552K, 0% used [0x0000000081600000,0x0000000081600000,0x0000000086b80000)
 Metaspace       used 16045K, capacity 16260K, committed 16640K, reserved 1064960K
  class space    used 1946K, capacity 1999K, committed 2048K, reserved 1048576K
Event: 5.046 GC heap after
Heap after GC invocations=1 (full 0):
 PSYoungGen      total 38400K, used 4316K [0x00000000d5d00000, 0x00000000d8780000, 0x0000000100000000)
  eden space 33280K, 0% used [0x00000000d5d00000,0x00000000d5d00000,0x00000000d7d80000)
  from space 5120K, 84% used [0x00000000d7d80000,0x00000000d81b70f0,0x00000000d8280000)
  to   space 5120K, 0% used [0x00000000d8280000,0x00000000d8280000,0x00000000d8780000)
 ParOldGen       total 87552K, used 15608K [0x0000000081600000, 0x0000000086b80000, 0x00000000d5d00000)
  object space 87552K, 17% used [0x0000000081600000,0x000000008253e230,0x0000000086b80000)
 Metaspace       used 16045K, capacity 16260K, committed 16640K, reserved 1064960K
  class space    used 1946K, capacity 1999K, committed 2048K, reserved 1048576K
}

Deoptimization events (10 events):
Event: 1.976 Thread 0x0000000002613800 Uncommon trap: reason=null_check action=make_not_entrant pc=0x00000000028a9e54 method=java.lang.String.equals(Ljava/lang/Object;)Z @ 8
Event: 5.576 Thread 0x0000000002613800 Uncommon trap: reason=class_check action=maybe_recompile pc=0x00000000028d6720 method=java.lang.String.equals(Ljava/lang/Object;)Z @ 8
Event: 5.578 Thread 0x0000000002613800 Uncommon trap: reason=class_check action=maybe_recompile pc=0x00000000028d6720 method=java.lang.String.equals(Ljava/lang/Object;)Z @ 8
Event: 5.592 Thread 0x0000000002613800 Uncommon trap: reason=class_check action=maybe_recompile pc=0x00000000028d6720 method=java.lang.String.equals(Ljava/lang/Object;)Z @ 8
Event: 5.592 Thread 0x0000000002613800 Uncommon trap: reason=class_check action=maybe_recompile pc=0x00000000028d6720 method=java.lang.String.equals(Ljava/lang/Object;)Z @ 8
Event: 5.618 Thread 0x0000000002613800 Uncommon trap: reason=class_check action=maybe_recompile pc=0x00000000029fdeb4 method=java.util.HashMap.putVal(ILjava/lang/Object;Ljava/lang/Object;ZZ)Ljava/lang/Object; @ 253
Event: 5.644 Thread 0x0000000002613800 Uncommon trap: reason=class_check action=maybe_recompile pc=0x00000000029fdeb4 method=java.util.HashMap.putVal(ILjava/lang/Object;Ljava/lang/Object;ZZ)Ljava/lang/Object; @ 253
Event: 50.535 Thread 0x0000000019606000 Uncommon trap: reason=unstable_if action=reinterpret pc=0x00000000029eb75c method=sun.awt.image.ByteInterleavedRaster.putByteData(IIII[B)V @ 79
Event: 50.936 Thread 0x0000000019603000 Uncommon trap: reason=unstable_if action=reinterpret pc=0x0000000002a33570 method=java.util.Hashtable.get(Ljava/lang/Object;)Ljava/lang/Object; @ 48
Event: 50.936 Thread 0x0000000019603000 Uncommon trap: reason=unstable_if action=reinterpret pc=0x0000000002c11430 method=java.util.Hashtable.put(Ljava/lang/Object;Ljava/lang/Object;)Ljava/lang/Object; @ 63

Classes redefined (0 events):
No events

Internal exceptions (10 events):
Event: 0.049 Thread 0x0000000002613800 Exception <a 'java/lang/NoSuchMethodError': Method sun.misc.Unsafe.prefetchRead(Ljava/lang/Object;J)V name or signature does not match> (0x00000000d5d07f98) thrown at [C:\re\workspace\8-2-build-windows-amd64-cygwin\jdk8u181\11358\hotspot\src\share\vm\prim
Event: 1.652 Thread 0x0000000002613800 Exception <a 'java/security/PrivilegedActionException'> (0x00000000d6236318) thrown at [C:\re\workspace\8-2-build-windows-amd64-cygwin\jdk8u181\11358\hotspot\src\share\vm\prims\jvm.cpp, line 1435]
Event: 1.652 Thread 0x0000000002613800 Exception <a 'java/security/PrivilegedActionException'> (0x00000000d6236528) thrown at [C:\re\workspace\8-2-build-windows-amd64-cygwin\jdk8u181\11358\hotspot\src\share\vm\prims\jvm.cpp, line 1435]
Event: 1.652 Thread 0x0000000002613800 Exception <a 'java/security/PrivilegedActionException'> (0x00000000d623a458) thrown at [C:\re\workspace\8-2-build-windows-amd64-cygwin\jdk8u181\11358\hotspot\src\share\vm\prims\jvm.cpp, line 1435]
Event: 1.652 Thread 0x0000000002613800 Exception <a 'java/security/PrivilegedActionException'> (0x00000000d623a668) thrown at [C:\re\workspace\8-2-build-windows-amd64-cygwin\jdk8u181\11358\hotspot\src\share\vm\prims\jvm.cpp, line 1435]
Event: 1.713 Thread 0x0000000002613800 Exception <a 'java/io/FileNotFoundException'> (0x00000000d62424f8) thrown at [C:\re\workspace\8-2-build-windows-amd64-cygwin\jdk8u181\11358\hotspot\src\share\vm\prims\jni.cpp, line 709]
Event: 1.769 Thread 0x0000000002613800 Exception <a 'java/lang/NoSuchFieldError': method resolution failed> (0x00000000d6371d60) thrown at [C:\re\workspace\8-2-build-windows-amd64-cygwin\jdk8u181\11358\hotspot\src\share\vm\prims\methodHandles.cpp, line 1167]
Event: 1.771 Thread 0x0000000002613800 Exception <a 'java/lang/NoSuchFieldError': method resolution failed> (0x00000000d637fbd8) thrown at [C:\re\workspace\8-2-build-windows-amd64-cygwin\jdk8u181\11358\hotspot\src\share\vm\prims\methodHandles.cpp, line 1167]
Event: 1.976 Thread 0x0000000002613800 Implicit null exception at 0x00000000028a9c9b to 0x00000000028a9e45
Event: 1.984 Thread 0x0000000002613800 Exception <a 'java/io/FileNotFoundException'> (0x00000000d6635c28) thrown at [C:\re\workspace\8-2-build-windows-amd64-cygwin\jdk8u181\11358\hotspot\src\share\vm\prims\jni.cpp, line 709]

Events (10 events):
Event: 56.568 loading class com/digitalpersona/uareu/dpfj/ImporterImpl
Event: 56.568 loading class com/digitalpersona/uareu/dpfj/ImporterImpl done
Event: 56.568 Executing VM operation: RevokeBias
Event: 56.569 Executing VM operation: RevokeBias done
Event: 56.569 loading class com/digitalpersona/uareu/dpfj/FmdImpl
Event: 56.569 loading class com/digitalpersona/uareu/dpfj/FmdImpl done
Event: 56.570 loading class com/digitalpersona/uareu/Fmd$Fmv
Event: 56.570 loading class com/digitalpersona/uareu/Fmd$Fmv done
Event: 56.571 loading class com/digitalpersona/uareu/dpfj/FmdImpl$FmvImpl
Event: 56.571 loading class com/digitalpersona/uareu/dpfj/FmdImpl$FmvImpl done


Dynamic libraries:
0x00007ff7dc000000 - 0x00007ff7dc037000 	C:\Program Files\Java\jdk1.8.0_181\bin\java.exe
0x00007ffe8a2e0000 - 0x00007ffe8a4a2000 	C:\Windows\SYSTEM32\ntdll.dll
0x00007ffe87b80000 - 0x00007ffe87c2d000 	C:\Windows\system32\KERNEL32.DLL
0x00007ffe87430000 - 0x00007ffe8760d000 	C:\Windows\system32\KERNELBASE.dll
0x00007ffe89c00000 - 0x00007ffe89ca6000 	C:\Windows\system32\ADVAPI32.dll
0x00007ffe879a0000 - 0x00007ffe87a3d000 	C:\Windows\system32\msvcrt.dll
0x00007ffe89680000 - 0x00007ffe896db000 	C:\Windows\system32\sechost.dll
0x00007ffe87a40000 - 0x00007ffe87b66000 	C:\Windows\system32\RPCRT4.dll
0x00007ffe89cb0000 - 0x00007ffe89dfe000 	C:\Windows\system32\USER32.dll
0x00007ffe896e0000 - 0x00007ffe89863000 	C:\Windows\system32\GDI32.dll
0x00007ffe7c430000 - 0x00007ffe7c6a4000 	C:\Windows\WinSxS\amd64_microsoft.windows.common-controls_6595b64144ccf1df_6.0.10240.17184_none_f41d7a705752bce6\COMCTL32.dll
0x00007ffe89ab0000 - 0x00007ffe89ae6000 	C:\Windows\system32\IMM32.DLL
0x00007ffe89240000 - 0x00007ffe8939c000 	C:\Windows\system32\MSCTF.dll
0x00000000591f0000 - 0x00000000592c2000 	C:\Program Files\Java\jdk1.8.0_181\jre\bin\msvcr100.dll
0x0000000058940000 - 0x00000000591e2000 	C:\Program Files\Java\jdk1.8.0_181\jre\bin\server\jvm.dll
0x00007ffe89fb0000 - 0x00007ffe89fb8000 	C:\Windows\system32\PSAPI.DLL
0x00007ffe85340000 - 0x00007ffe85363000 	C:\Windows\SYSTEM32\WINMM.dll
0x00007ffe82e50000 - 0x00007ffe82e5a000 	C:\Windows\SYSTEM32\VERSION.dll
0x0000000000b50000 - 0x0000000000b7c000 	C:\Windows\SYSTEM32\WINMMBASE.dll
0x00007ffe7b640000 - 0x00007ffe7b649000 	C:\Windows\SYSTEM32\WSOCK32.dll
0x00007ffe876c0000 - 0x00007ffe87704000 	C:\Windows\system32\cfgmgr32.dll
0x00007ffe89870000 - 0x00007ffe898d9000 	C:\Windows\system32\WS2_32.dll
0x00007ffe87c30000 - 0x00007ffe87c38000 	C:\Windows\system32\NSI.dll
0x00007ffe85680000 - 0x00007ffe856a7000 	C:\Windows\SYSTEM32\DEVOBJ.dll
0x0000000058930000 - 0x000000005893f000 	C:\Program Files\Java\jdk1.8.0_181\jre\bin\verify.dll
0x0000000058900000 - 0x0000000058929000 	C:\Program Files\Java\jdk1.8.0_181\jre\bin\java.dll
0x0000000058820000 - 0x0000000058843000 	C:\Program Files\Java\jdk1.8.0_181\jre\bin\instrument.dll
0x00000000588e0000 - 0x00000000588f6000 	C:\Program Files\Java\jdk1.8.0_181\jre\bin\zip.dll
0x00007ffe87d10000 - 0x00007ffe89233000 	C:\Windows\system32\SHELL32.dll
0x00007ffe86da0000 - 0x00007ffe873c9000 	C:\Windows\system32\windows.storage.dll
0x00007ffe893a0000 - 0x00007ffe8961c000 	C:\Windows\system32\combase.dll
0x00007ffe89950000 - 0x00007ffe899a1000 	C:\Windows\system32\shlwapi.dll
0x00007ffe86d90000 - 0x00007ffe86d9f000 	C:\Windows\system32\kernel.appcore.dll
0x00007ffe878e0000 - 0x00007ffe87993000 	C:\Windows\system32\shcore.dll
0x00007ffe86d00000 - 0x00007ffe86d4a000 	C:\Windows\system32\powrprof.dll
0x00007ffe86d50000 - 0x00007ffe86d63000 	C:\Windows\system32\profapi.dll
0x00007ffe6a900000 - 0x00007ffe6a91a000 	C:\Program Files\JetBrains\IntelliJ IDEA 2017.2.5\bin\breakgen64.dll
0x00000000588b0000 - 0x00000000588ca000 	C:\Program Files\Java\jdk1.8.0_181\jre\bin\net.dll
0x00007ffe86500000 - 0x00007ffe8655d000 	C:\Windows\system32\mswsock.dll
0x0000000058680000 - 0x0000000058819000 	C:\Program Files\Java\jdk1.8.0_181\jre\bin\awt.dll
0x00007ffe87c40000 - 0x00007ffe87d02000 	C:\Windows\system32\OLEAUT32.dll
0x00007ffe84fe0000 - 0x00007ffe85058000 	C:\Windows\system32\apphelp.dll
0x00007ffe855e0000 - 0x00007ffe85676000 	C:\Windows\system32\uxtheme.dll
0x00007ffe84a90000 - 0x00007ffe84ab2000 	C:\Windows\system32\dwmapi.dll
0x00007ffe89fc0000 - 0x00007ffe8a101000 	C:\Windows\system32\ole32.dll
0x00007ffe86b20000 - 0x00007ffe86b8b000 	C:\Windows\SYSTEM32\bcryptPrimitives.dll
0x00007ffe853a0000 - 0x00007ffe853b8000 	C:\Program Files (x86)\Smadav\SmadHook64c.dll
0x00007ffe873d0000 - 0x00007ffe87424000 	C:\Windows\system32\WINTRUST.dll
0x00007ffe86d70000 - 0x00007ffe86d81000 	C:\Windows\system32\MSASN1.dll
0x00007ffe87710000 - 0x00007ffe878d1000 	C:\Windows\system32\CRYPT32.dll
0x00007ffe7a170000 - 0x00007ffe7a298000 	C:\Windows\system32\opengl32.dll
0x00007ffe81ae0000 - 0x00007ffe81bd6000 	C:\Windows\SYSTEM32\DDRAW.dll
0x00007ffe7e300000 - 0x00007ffe7e32e000 	C:\Windows\SYSTEM32\GLU32.dll
0x00007ffe81ad0000 - 0x00007ffe81ad8000 	C:\Windows\SYSTEM32\DCIMAN32.dll
0x00007ffe862b0000 - 0x00007ffe86358000 	C:\Windows\SYSTEM32\DNSAPI.dll
0x00007ffe7a820000 - 0x00007ffe7a82a000 	C:\Windows\System32\rasadhlp.dll
0x00007ffe7eae0000 - 0x00007ffe7eb48000 	C:\Windows\System32\fwpuclnt.dll
0x00007ffe86c30000 - 0x00007ffe86c58000 	C:\Windows\SYSTEM32\bcrypt.dll
0x0000000058630000 - 0x0000000058677000 	C:\Program Files\Java\jdk1.8.0_181\jre\bin\fontmanager.dll
0x00007ffe89af0000 - 0x00007ffe89b95000 	C:\Windows\system32\clbcatq.dll
0x00007ffe833f0000 - 0x00007ffe835a2000 	C:\Windows\SYSTEM32\WindowsCodecs.dll
0x00007ffe86560000 - 0x00007ffe86577000 	C:\Windows\SYSTEM32\cryptsp.dll
0x00007ffe861c0000 - 0x00007ffe861f3000 	C:\Windows\system32\rsaenh.dll
0x00007ffe866e0000 - 0x00007ffe866eb000 	C:\Windows\SYSTEM32\CRYPTBASE.dll
0x00007ffe7de60000 - 0x00007ffe7dea6000 	C:\Windows\system32\dataexchange.dll
0x00007ffe84c10000 - 0x00007ffe84ce1000 	C:\Windows\system32\dcomp.dll
0x00007ffe7ed30000 - 0x00007ffe7f275000 	C:\Windows\system32\d2d1.dll
0x00007ffe847e0000 - 0x00007ffe84a83000 	C:\Windows\system32\d3d11.dll
0x00007ffe84740000 - 0x00007ffe847dc000 	C:\Windows\system32\dxgi.dll
0x00007ffe856d0000 - 0x00007ffe857be000 	C:\Windows\system32\twinapi.appcore.dll
0x00007ffe863a0000 - 0x00007ffe863bf000 	C:\Windows\system32\USERENV.dll
0x0000000058890000 - 0x00000000588a1000 	C:\Program Files\Java\jdk1.8.0_181\jre\bin\nio.dll
0x00000000585e0000 - 0x0000000058622000 	C:\Program Files\Java\jdk1.8.0_181\jre\bin\t2k.dll
0x00007ffe6a8d0000 - 0x00007ffe6a8f6000 	C:\Program Files\DigitalPersona\U.are.U SDK\Windows\Lib\x64\dpuareu_jni.dll
0x00007ffe6a850000 - 0x00007ffe6a8c4000 	C:\Windows\SYSTEM32\dpfj.dll
0x00007ffe825a0000 - 0x00007ffe82630000 	C:\Windows\SYSTEM32\DPFPApi.DLL
0x00007ffe82c30000 - 0x00007ffe82c7c000 	C:\Windows\system32\DPCLBACK.dll
0x00007ffe832a0000 - 0x00007ffe832b7000 	C:\Windows\SYSTEM32\NETAPI32.dll
0x00007ffe85f60000 - 0x00007ffe85f86000 	C:\Windows\SYSTEM32\srvcli.dll
0x00007ffe85f30000 - 0x00007ffe85f3c000 	C:\Windows\SYSTEM32\netutils.dll
0x00007ffe83260000 - 0x00007ffe83276000 	C:\Windows\SYSTEM32\wkscli.dll
0x00007ffe86040000 - 0x00007ffe86072000 	C:\Windows\SYSTEM32\ntmarta.dll
0x00007ffe6a820000 - 0x00007ffe6a84b000 	C:\Windows\SYSTEM32\dpfpdd.dll
0x00007ffe820d0000 - 0x00007ffe8217a000 	C:\Windows\WinSxS\amd64_microsoft.windows.common-controls_6595b64144ccf1df_5.82.10240.16384_none_0212ec7eba871e86\comctl32.dll
0x00007ffe85060000 - 0x00007ffe851e3000 	C:\Windows\SYSTEM32\PROPSYS.dll
0x00007ffe74e80000 - 0x00007ffe752ea000 	C:\Windows\System32\ActXPrxy.dll
0x00007ffe76f90000 - 0x00007ffe77132000 	C:\Windows\system32\NetworkExplorer.dll
0x00007ffe85f40000 - 0x00007ffe85f5c000 	C:\Windows\SYSTEM32\MPR.dll
0x00007ffe6eb80000 - 0x00007ffe6eb8b000 	C:\Windows\System32\drprov.dll
0x00007ffe86770000 - 0x00007ffe867c8000 	C:\Windows\System32\WINSTA.dll
0x00007ffe6a800000 - 0x00007ffe6a816000 	C:\Windows\System32\ntlanman.dll
0x00007ffe6a7e0000 - 0x00007ffe6a800000 	C:\Windows\System32\davclnt.dll
0x00007ffe6e660000 - 0x00007ffe6e66c000 	C:\Windows\System32\DAVHLPR.dll
0x00007ffe789e0000 - 0x00007ffe789f2000 	C:\Windows\SYSTEM32\cscapi.dll
0x00007ffe65cd0000 - 0x00007ffe65d4f000 	C:\Windows\System32\dlnashext.dll
0x00007ffe65c50000 - 0x00007ffe65cc1000 	C:\Windows\System32\PlayToDevice.dll
0x00007ffe51e60000 - 0x00007ffe51e7e000 	C:\Windows\System32\DevDispItemProvider.dll
0x00007ffe81490000 - 0x00007ffe81502000 	C:\Windows\System32\MMDevApi.dll
0x00007ffe65a40000 - 0x00007ffe65c43000 	C:\Windows\system32\wpdshext.dll
0x00007ffe81c10000 - 0x00007ffe81db8000 	C:\Windows\WinSxS\amd64_microsoft.windows.gdiplus_6595b64144ccf1df_1.1.10240.17319_none_89a9f4e99af45e30\gdiplus.dll
0x00007ffe832d0000 - 0x00007ffe83371000 	C:\Windows\System32\PortableDeviceApi.dll
0x00007ffe8a110000 - 0x00007ffe8a2d5000 	C:\Windows\system32\SETUPAPI.dll
0x00007ffe7d130000 - 0x00007ffe7d167000 	C:\Windows\System32\EhStorShell.dll
0x00007ffe65a10000 - 0x00007ffe65a36000 	C:\Windows\System32\EhStorAPI.dll
0x00007ffe851f0000 - 0x00007ffe85203000 	C:\Windows\System32\WTSAPI32.dll
0x00007ffe812e0000 - 0x00007ffe812ed000 	C:\Windows\SYSTEM32\LINKINFO.dll
0x00007ffe643e0000 - 0x00007ffe6456a000 	C:\Windows\SYSTEM32\dbghelp.dll

VM Arguments:
jvm_args: -Djava.library.path=C:\Program Files\DigitalPersona\U.are.U SDK\Windows\Lib\x64 -javaagent:C:\Program Files\JetBrains\IntelliJ IDEA 2017.2.5\lib\idea_rt.jar=62373:C:\Program Files\JetBrains\IntelliJ IDEA 2017.2.5\bin -Dfile.encoding=UTF-8 
java_command: UareUSampleJava
java_class_path (initial): C:\Users\Philip Afemikhe\IdeaProjects\Digital-Persona-master\bin;C:\Program Files\Java\jdk1.8.0_181\jre\lib\charsets.jar;C:\Program Files\Java\jdk1.8.0_181\jre\lib\deploy.jar;C:\Program Files\Java\jdk1.8.0_181\jre\lib\ext\access-bridge-64.jar;C:\Program Files\Java\jdk1.8.0_181\jre\lib\ext\cldrdata.jar;C:\Program Files\Java\jdk1.8.0_181\jre\lib\ext\dnsns.jar;C:\Program Files\Java\jdk1.8.0_181\jre\lib\ext\jaccess.jar;C:\Program Files\Java\jdk1.8.0_181\jre\lib\ext\jfxrt.jar;C:\Program Files\Java\jdk1.8.0_181\jre\lib\ext\localedata.jar;C:\Program Files\Java\jdk1.8.0_181\jre\lib\ext\nashorn.jar;C:\Program Files\Java\jdk1.8.0_181\jre\lib\ext\sunec.jar;C:\Program Files\Java\jdk1.8.0_181\jre\lib\ext\sunjce_provider.jar;C:\Program Files\Java\jdk1.8.0_181\jre\lib\ext\sunmscapi.jar;C:\Program Files\Java\jdk1.8.0_181\jre\lib\ext\sunpkcs11.jar;C:\Program Files\Java\jdk1.8.0_181\jre\lib\ext\zipfs.jar;C:\Program Files\Java\jdk1.8.0_181\jre\lib\javaws.jar;C:\Program Files\Java\jdk1.8.0_181\jre\lib\jce.jar;C:\Program Files\Java\jdk1.8.0_181\jre\lib\jfr.jar;C:\Program Files\Java\jdk1.8.0_181\jre\lib\jfxswt.jar;C:\Program Files\Java\jdk1.8.0_181\jre\lib\jsse.jar;C:\Program Files\Java\jdk1.8.0_181\jre\lib\management-agent.jar;C:\Program Files\Java\jdk1.8.0_181\jre\lib\plugin.jar;C:\Program Files\Java\jdk1.8.0_181\jre\lib\resources.jar;C:\Program Files\Java\jdk1.8.0_181\jre\lib\rt.jar;C:\Program Files\DigitalPersona\U.are.U SDK\Windows\Lib\Java\dpuareu.jar;C:\Users\Philip Afemikhe\IdeaProjects\Digital-Persona-master\mysql-connector-java-5.1.5-bin.jar;C:\Users\Philip Afemikhe\IdeaProjects\Digital-Persona-master\javacv-windows-x86_64.jar;C:\Users\Philip Afemikhe\IdeaProjects\Digital-Persona-master\jmf.jar;C:\Users\Philip Afemikhe\IdeaProjects\Digital-Persona-master\webcam-capture-0.3.10-RC4.jar;C:\Users\Philip Afemikhe\IdeaProjects\Digital-Persona-master\slf4j-api-1.7.2.jar;C:\Users\Philip Afemikhe\IdeaProjects\Digital-Persona-master\bridj-0.7-20130703.103049-
Launcher Type: SUN_STANDARD

Environment Variables:
JAVA_HOME=C:\Program Files (x86)\Java\jre1.8.0_231
CLASSPATH=C:\Program Files\Java\jdk1.8.0_181\bin;C:\Program Files (x86)\Java\jre1.8.0_231\bin;
PATH=C:\Program Files (x86)\Common Files\Oracle\Java\javapath;C:\Windows\system32;C:\Windows;C:\Windows\System32\Wbem;C:\Windows\System32\WindowsPowerShell\v1.0\;C:\xampp\php;C:\ProgramData\ComposerSetup\bin;C:\Program Files\Microsoft VS Code\bin;C:\Program Files\nodejs\;C:\Program Files\Git\cmd;C:\Users\Philip Afemikhe\AppData\Roaming\Composer\vendor\bin;C:\Users\Philip Afemikhe\AppData\Roaming\npm;C:\Users\Philip Afemikhe\AppData\Local\GitHubDesktop\bin
USERNAME=Philip Afemikhe
OS=Windows_NT
PROCESSOR_IDENTIFIER=Intel64 Family 6 Model 58 Stepping 9, GenuineIntel



---------------  S Y S T E M  ---------------

OS: Windows 10.0 , 64 bit Build 10240 (10.0.10240.17113)

CPU:total 4 (initial active 4) (2 cores per cpu, 2 threads per core) family 6 model 58 stepping 9, cmov, cx8, fxsr, mmx, sse, sse2, sse3, ssse3, sse4.1, sse4.2, popcnt, avx, aes, clmul, erms, ht, tsc, tscinvbit, tscinv

Memory: 4k page, physical 8291104k(5097516k free), swap 9743476k(5846936k free)

vm_info: Java HotSpot(TM) 64-Bit Server VM (25.181-b13) for windows-amd64 JRE (1.8.0_181-b13), built on Jul  7 2018 04:01:33 by "java_re" with MS VC++ 10.0 (VS2010)

time: Tue Jan 21 20:56:55 2020
elapsed time: 56 seconds (0d 0h 0m 56s)

